<?xml version='1.0' encoding='utf-8'?>
<testsuites>
  <testsuite name="PSADT-Security-Scan" package="JGraph-Draw.io-29.6.1-EN-1.0.0" timestamp="2026-06-12T04:17:13.742430+00:00" tests="32" failures="29" errors="22" skipped="0" time="0.0">
    <testcase name="Security scan: strings.psd1" classname="HemSpectScanner" file="E:\packages\JGraph-Draw.io-29.6.1-EN-1.0.0\Strings\fr\strings.psd1">
      <failure message="[MEDIUM] obfuscation_detected at line 45: Multiple obfuscation indicators in script body" type="MEDIUM">[MEDIUM] obfuscation_detected at line 45: Multiple obfuscation indicators in script body</failure>
    </testcase>
    <testcase name="Security scan: PSADT.ClientServer.Client.exe.config" classname="HemSpectScanner" file="E:\packages\JGraph-Draw.io-29.6.1-EN-1.0.0\PSAppDeployToolkit\lib\PSADT.ClientServer.Client.exe.config">
      <error message="[CRITICAL] dynamic_secret_hex_high_entropy_string at line 6: Dynamic credential detection: Hex High Entropy String" type="CRITICAL">Rule:        dynamic_secret_hex_high_entropy_string
Severity:    CRITICAL
CVSS Score:  9.1
MITRE:       T1552.001
CWE:         CWE-798
Match:       High entropy string or pattern detected (Hex High Entropy String)
Remediation: Move to Azure Key Vault or SCCM Task Sequence Variable.</error>
      <failure message="[HIGH] hemspect_xml_password_attribute at line 6: HemSpect: XML/Config attribute with credential value" type="HIGH">Rule:        hemspect_xml_password_attribute
Severity:    HIGH
CVSS Score:  9.1
MITRE:       T1552.001
CWE:         CWE-798
Match:       Token="b03f****"
Remediation: Remove embedded credential. Use a secrets vault (Azure Key Vault / SCCM TS Variables).</failure>
    </testcase>
    <testcase name="Security scan: PSADT.ClientServer.Client.Launcher.exe.config" classname="HemSpectScanner" file="E:\packages\JGraph-Draw.io-29.6.1-EN-1.0.0\PSAppDeployToolkit\lib\PSADT.ClientServer.Client.Launcher.exe.config">
      <error message="[CRITICAL] dynamic_secret_hex_high_entropy_string at line 6: Dynamic credential detection: Hex High Entropy String" type="CRITICAL">Rule:        dynamic_secret_hex_high_entropy_string
Severity:    CRITICAL
CVSS Score:  9.1
MITRE:       T1552.001
CWE:         CWE-798
Match:       High entropy string or pattern detected (Hex High Entropy String)
Remediation: Move to Azure Key Vault or SCCM Task Sequence Variable.</error>
      <failure message="[HIGH] hemspect_xml_password_attribute at line 6: HemSpect: XML/Config attribute with credential value" type="HIGH">Rule:        hemspect_xml_password_attribute
Severity:    HIGH
CVSS Score:  9.1
MITRE:       T1552.001
CWE:         CWE-798
Match:       Token="b03f****"
Remediation: Remove embedded credential. Use a secrets vault (Azure Key Vault / SCCM TS Variables).</failure>
    </testcase>
    <testcase name="Security scan: strings.psd1" classname="HemSpectScanner" file="E:\packages\JGraph-Draw.io-29.6.1-EN-1.0.0\Strings\pt\strings.psd1">
      <failure message="[MEDIUM] obfuscation_detected at line 44: Multiple obfuscation indicators in script body" type="MEDIUM">[MEDIUM] obfuscation_detected at line 44: Multiple obfuscation indicators in script body</failure>
      <failure message="[MEDIUM] obfuscation_detected at line 45: Multiple obfuscation indicators in script body" type="MEDIUM">[MEDIUM] obfuscation_detected at line 45: Multiple obfuscation indicators in script body</failure>
    </testcase>
    <testcase name="Security scan: PSAppDeployToolkit.psm1" classname="HemSpectScanner" file="E:\packages\JGraph-Draw.io-29.6.1-EN-1.0.0\PSAppDeployToolkit\PSAppDeployToolkit.psm1">
      <failure message="[HIGH] privilege_escalation_api at line 476: Malware indicator: privilege_escalation_api" type="HIGH">Rule:        privilege_escalation_api
Severity:    HIGH
CVSS Score:  7.5
MITRE:       T1068
CWE:         CWE-506
Match:       SeDebugPrivilege
Remediation: BLOCK PACKAGE - IMMEDIATE SECURITY INVESTIGATION REQUIRED</failure>
    </testcase>
    <testcase name="Security scan: strings.psd1" classname="HemSpectScanner" file="E:\packages\JGraph-Draw.io-29.6.1-EN-1.0.0\Strings\nb\strings.psd1">
      <failure message="[MEDIUM] obfuscation_detected at line 43: Multiple obfuscation indicators in script body" type="MEDIUM">[MEDIUM] obfuscation_detected at line 43: Multiple obfuscation indicators in script body</failure>
    </testcase>
    <testcase name="Security scan: test_passwords.ps1" classname="HemSpectScanner" file="E:\packages\JGraph-Draw.io-29.6.1-EN-1.0.0\_test_credentials\test_passwords.ps1">
      <error message="[CRITICAL] hardcoded_credential at line 8: Hardcoded password literal found in script variable" type="CRITICAL">Rule:        hardcoded_credential
Severity:    CRITICAL
CVSS Score:  9.1
MITRE:       T1552.001
CWE:         CWE-798
Match:       $password = 'MySuperSecretPassword123!'
Remediation: Move secrets to SCCM TS Variable (mark Private) or Azure Key Vault</error>
      <error message="[CRITICAL] secure_string_plaintext at line 14: SecureString constructed from plaintext with -AsPlainText -Force" type="CRITICAL">Rule:        secure_string_plaintext
Severity:    CRITICAL
CVSS Score:  8.1
MITRE:       T1552
CWE:         CWE-312
Match:       ConvertTo-SecureString "P@ssw0rd!2024" -AsPlainText -Force
Remediation: Remove -AsPlainText -Force; use DPAPI or managed credential store</error>
      <failure message="[HIGH] credential_creation at line 14: PSCredential object constructed inline - potential secret exposure" type="HIGH">Rule:        credential_creation
Severity:    HIGH
CVSS Score:  7.5
MITRE:       T1078
CWE:         CWE-798
Match:       $cred = New-Object System.Management.Automation.PSCredential
Remediation: Replace inline PSCredential with SCCM TS Variables or MSA</failure>
      <failure message="[HIGH] registry_manipulation at line 39: Modification of HKLM registry hive via Set-/New-ItemProperty" type="HIGH">Rule:        registry_manipulation
Severity:    HIGH
CVSS Score:  6.5
MITRE:       T1112
CWE:         CWE-1104
Match:       Set-ItemProperty -Path "HKLM
Remediation: Document justification; restrict via AppLocker and GPO</failure>
      <error message="[CRITICAL] password_string at line 8: Hardcoded password literal in script" type="CRITICAL">Rule:        password_string
Severity:    CRITICAL
CVSS Score:  9.1
MITRE:       T1552.001
CWE:         CWE-798
Match:       password = 'MySuperSecretPassword123!'
Remediation: Move to Azure Key Vault, SCCM Task Sequence Variable (Private), or Windows Credential Manager. Never hardcode secrets in scripts.</error>
      <error message="[CRITICAL] password_string at line 11: Hardcoded password literal in script" type="CRITICAL">Rule:        password_string
Severity:    CRITICAL
CVSS Score:  9.1
MITRE:       T1552.001
CWE:         CWE-798
Match:       Password = "SqlServer@dmin2024"
Remediation: Move to Azure Key Vault, SCCM Task Sequence Variable (Private), or Windows Credential Manager. Never hardcode secrets in scripts.</error>
      <error message="[CRITICAL] password_string at line 23: Hardcoded password literal in script" type="CRITICAL">Rule:        password_string
Severity:    CRITICAL
CVSS Score:  9.1
MITRE:       T1552.001
CWE:         CWE-798
Match:       Password = "EmailP@ss789!"
Remediation: Move to Azure Key Vault, SCCM Task Sequence Variable (Private), or Windows Credential Manager. Never hardcode secrets in scripts.</error>
      <error message="[CRITICAL] password_string at line 24: Hardcoded password literal in script" type="CRITICAL">Rule:        password_string
Severity:    CRITICAL
CVSS Score:  9.1
MITRE:       T1552.001
CWE:         CWE-798
Match:       pass = 'SmtpSecret#456'
Remediation: Move to Azure Key Vault, SCCM Task Sequence Variable (Private), or Windows Credential Manager. Never hardcode secrets in scripts.</error>
      <error message="[CRITICAL] password_string at line 36: Hardcoded password literal in script" type="CRITICAL">Rule:        password_string
Severity:    CRITICAL
CVSS Score:  9.1
MITRE:       T1552.001
CWE:         CWE-798
Match:       password = 'TXlTdXBlclNlY3JldFBhc3N3b3JkMTIzIQ=='
Remediation: Move to Azure Key Vault, SCCM Task Sequence Variable (Private), or Windows Credential Manager. Never hardcode secrets in scripts.</error>
      <error message="[CRITICAL] password_string at line 42: Hardcoded password literal in script" type="CRITICAL">Rule:        password_string
Severity:    CRITICAL
CVSS Score:  9.1
MITRE:       T1552.001
CWE:         CWE-798
Match:       Password = "MultiLine#Secret99"
Remediation: Move to Azure Key Vault, SCCM Task Sequence Variable (Private), or Windows Credential Manager. Never hardcode secrets in scripts.</error>
      <error message="[CRITICAL] secure_string_plaintext at line 14: SecureString from plaintext — password fully exposed in source" type="CRITICAL">Rule:        secure_string_plaintext
Severity:    CRITICAL
CVSS Score:  9.1
MITRE:       T1552.001
CWE:         CWE-798
Match:       ConvertTo-SecureString "P@ssw0rd!2024" -AsPlainText -Force
Remediation: Move to Azure Key Vault, SCCM Task Sequence Variable (Private), or Windows Credential Manager. Never hardcode secrets in scripts.</error>
      <error message="[CRITICAL] connection_string_password at line 20: Database connection string with embedded password" type="CRITICAL">Rule:        connection_string_password
Severity:    CRITICAL
CVSS Score:  9.1
MITRE:       T1552.001
CWE:         CWE-798
Match:       connectionString = "Server=myServer;Database=myDB;User Id=sa;Password=Str0ngP@ss!2024"
Remediation: Move to Azure Key Vault, SCCM Task Sequence Variable (Private), or Windows Credential Manager. Never hardcode secrets in scripts.</error>
      <error message="[CRITICAL] api_key at line 17: API key or access token embedded in source" type="CRITICAL">Rule:        api_key
Severity:    CRITICAL
CVSS Score:  9.1
MITRE:       T1552.001
CWE:         CWE-798
Match:       apiKey = "sk-proj-abc123def456ghi789jkl012mno345pqr"
Remediation: Move to Azure Key Vault, SCCM Task Sequence Variable (Private), or Windows Credential Manager. Never hardcode secrets in scripts.</error>
      <error message="[CRITICAL] aws_access_key at line 27: AWS access key ID detected" type="CRITICAL">Rule:        aws_access_key
Severity:    CRITICAL
CVSS Score:  9.1
MITRE:       T1552.001
CWE:         CWE-798
Match:       AKIAIOSFODNN7EXAMPLE
Remediation: Move to Azure Key Vault, SCCM Task Sequence Variable (Private), or Windows Credential Manager. Never hardcode secrets in scripts.</error>
      <error message="[CRITICAL] azure_storage_key at line 30: Azure Storage connection string with account key" type="CRITICAL">Rule:        azure_storage_key
Severity:    CRITICAL
CVSS Score:  9.1
MITRE:       T1552.001
CWE:         CWE-798
Match:       DefaultEndpointsProtocol=https;AccountName=myaccount;AccountKey=
Remediation: Move to Azure Key Vault, SCCM Task Sequence Variable (Private), or Windows Credential Manager. Never hardcode secrets in scripts.</error>
      <error message="[CRITICAL] registry_password at line 39: Password stored in Windows registry" type="CRITICAL">Rule:        registry_password
Severity:    CRITICAL
CVSS Score:  9.1
MITRE:       T1552.001
CWE:         CWE-798
Match:       Set-ItemProperty -Path "HKLM:\SOFTWARE\MyApp" -Name "ServicePassword" -Value "Registr7P@ssword!"
Remediation: Move to Azure Key Vault, SCCM Task Sequence Variable (Private), or Windows Credential Manager. Never hardcode secrets in scripts.</error>
      <error message="[CRITICAL] dynamic_secret_base64_high_entropy_string at line 33: Dynamic credential detection: Base64 High Entropy String" type="CRITICAL">Rule:        dynamic_secret_base64_high_entropy_string
Severity:    CRITICAL
CVSS Score:  9.1
MITRE:       T1552.001
CWE:         CWE-798
Match:       High entropy string or pattern detected (Base64 High Entropy String)
Remediation: Move to Azure Key Vault or SCCM Task Sequence Variable.</error>
      <error message="[CRITICAL] hemspect_sql_conn_string at line 20: HemSpect: SQL Connection String with embedded password" type="CRITICAL">Rule:        hemspect_sql_conn_string
Severity:    CRITICAL
CVSS Score:  9.1
MITRE:       T1552.001
CWE:         CWE-798
Match:       Server=myServer;Database=myDB;User Id=sa;Password=Str0****"
Remediation: Remove embedded credential. Use a secrets vault (Azure Key Vault / SCCM TS Variables).</error>
      <failure message="[HIGH] hemspect_xml_password_attribute at line 11: HemSpect: XML/Config attribute with credential value" type="HIGH">Rule:        hemspect_xml_password_attribute
Severity:    HIGH
CVSS Score:  9.1
MITRE:       T1552.001
CWE:         CWE-798
Match:       Password = "SqlS****"
Remediation: Remove embedded credential. Use a secrets vault (Azure Key Vault / SCCM TS Variables).</failure>
      <error message="[CRITICAL] hemspect_ps_securestring_plaintext at line 14: HemSpect: ConvertTo-SecureString with plaintext input" type="CRITICAL">Rule:        hemspect_ps_securestring_plaintext
Severity:    CRITICAL
CVSS Score:  9.1
MITRE:       T1552.001
CWE:         CWE-798
Match:       ConvertTo-SecureString "P@ssw0rd!2024" -AsPlainText
Remediation: Remove embedded credential. Use a secrets vault (Azure Key Vault / SCCM TS Variables).</error>
      <failure message="[HIGH] hemspect_smtp_credentials at line 22: HemSpect: SMTP/Mail credentials" type="HIGH">Rule:        hemspect_smtp_credentials
Severity:    HIGH
CVSS Score:  9.1
MITRE:       T1552.001
CWE:         CWE-798
Match:       SMTP password ---
$smtpPassword = "Emai****"
$smtp_pass = 'SmtpSecret#456'

# --- Test Case 7: AWS Access Key (fake
Remediation: Remove embedded credential. Use a secrets vault (Azure Key Vault / SCCM TS Variables).</failure>
    </testcase>
    <testcase name="Security scan: test_false_positives.ps1" classname="HemSpectScanner" file="E:\packages\JGraph-Draw.io-29.6.1-EN-1.0.0\_test_credentials\test_false_positives.ps1">
      <error message="[CRITICAL] hardcoded_credential at line 17: Hardcoded password literal found in script variable" type="CRITICAL">Rule:        hardcoded_credential
Severity:    CRITICAL
CVSS Score:  9.1
MITRE:       T1552.001
CWE:         CWE-798
Match:       $password = '&lt;YOUR_PASSWORD_HERE&gt;'
Remediation: Move secrets to SCCM TS Variable (mark Private) or Azure Key Vault</error>
      <error message="[CRITICAL] hardcoded_credential at line 18: Hardcoded password literal found in script variable" type="CRITICAL">Rule:        hardcoded_credential
Severity:    CRITICAL
CVSS Score:  9.1
MITRE:       T1552.001
CWE:         CWE-798
Match:       $password = 'PLACEHOLDER'
Remediation: Move secrets to SCCM TS Variable (mark Private) or Azure Key Vault</error>
      <error message="[CRITICAL] dynamic_secret_hex_high_entropy_string at line 7: Dynamic credential detection: Hex High Entropy String" type="CRITICAL">Rule:        dynamic_secret_hex_high_entropy_string
Severity:    CRITICAL
CVSS Score:  9.1
MITRE:       T1552.001
CWE:         CWE-798
Match:       High entropy string or pattern detected (Hex High Entropy String)
Remediation: Move to Azure Key Vault or SCCM Task Sequence Variable.</error>
    </testcase>
    <testcase name="Security scan: Invoke-AppDeployToolkit.exe" classname="HemSpectScanner" file="E:\packages\JGraph-Draw.io-29.6.1-EN-1.0.0\Invoke-AppDeployToolkit.exe">
      <failure message="[MEDIUM] packed_binary at line 0: High entropy (7.81) - likely packed or encrypted sections" type="MEDIUM">[MEDIUM] packed_binary at line 0: High entropy (7.81) - likely packed or encrypted sections</failure>
    </testcase>
  </testsuite>
</testsuites>